<?xml version="1.0" encoding="UTF-8"?>
<testng-results skipped="0" failed="0" total="1" passed="1">
  <reporter-output>
  </reporter-output>
  <suite name="Default suite" duration-ms="25306" started-at="2020-12-04T10:16:42Z" finished-at="2020-12-04T10:17:08Z">
    <groups>
    </groups>
    <test name="Default test" duration-ms="25306" started-at="2020-12-04T10:16:42Z" finished-at="2020-12-04T10:17:08Z">
      <class name="TestNG.NewTest">
        <test-method status="PASS" signature="beforeTest()[pri:0, instance:TestNG.NewTest@56a6d5a6]" name="beforeTest" is-config="true" duration-ms="18274" started-at="2020-12-04T15:46:42Z" finished-at="2020-12-04T15:47:01Z">
          <reporter-output>
          </reporter-output>
        </test-method> <!-- beforeTest -->
        <test-method status="PASS" signature="testEasy()[pri:0, instance:TestNG.NewTest@56a6d5a6]" name="testEasy" duration-ms="6090" started-at="2020-12-04T15:47:01Z" finished-at="2020-12-04T15:47:07Z">
          <reporter-output>
          </reporter-output>
        </test-method> <!-- testEasy -->
        <test-method status="PASS" signature="afterTest()[pri:0, instance:TestNG.NewTest@56a6d5a6]" name="afterTest" is-config="true" duration-ms="791" started-at="2020-12-04T15:47:07Z" finished-at="2020-12-04T15:47:08Z">
          <reporter-output>
          </reporter-output>
        </test-method> <!-- afterTest -->
      </class> <!-- TestNG.NewTest -->
    </test> <!-- Default test -->
  </suite> <!-- Default suite -->
</testng-results>
