<?xml version="1.0" encoding="UTF-8"?>
<!-- Generated by org.testng.reporters.JUnitXMLReporter -->
<testsuite hostname="DESKTOP-MOUQU3O" ignored="0" name="Default test" tests="5" failures="0" timestamp="2020-10-03T08:44:53 IST" time="0.139" errors="0">
  <testcase name="a_method" time="0.016" classname="Maven_Project.TestAnnotations"/>
  <testcase name="b_method" time="0.0" classname="Maven_Project.TestAnnotations"/>
  <testcase name="c_method" time="0.008" classname="Maven_Project.TestAnnotations"/>
  <testcase name="d_method" time="0.008" classname="Maven_Project.TestAnnotations"/>
  <testcase name="e_method" time="0.016" classname="Maven_Project.TestAnnotations"/>
</testsuite> <!-- Default test -->
