<?xml version="1.0" encoding="UTF-8"?>
<testng-results skipped="0" failed="0" ignored="0" total="5" passed="5">
  <reporter-output>
  </reporter-output>
  <suite name="Default suite" duration-ms="139" started-at="2020-10-03T08:44:52 IST" finished-at="2020-10-03T08:44:52 IST">
    <groups>
    </groups>
    <test name="Default test" duration-ms="139" started-at="2020-10-03T08:44:52 IST" finished-at="2020-10-03T08:44:52 IST">
      <class name="Maven_Project.TestAnnotations">
        <test-method status="PASS" signature="a_method()[pri:0, instance:Maven_Project.TestAnnotations@4f51b3e0]" name="a_method" duration-ms="16" started-at="2020-10-03T08:44:52 IST" finished-at="2020-10-03T08:44:52 IST">
          <reporter-output>
          </reporter-output>
        </test-method> <!-- a_method -->
        <test-method status="PASS" signature="b_method()[pri:0, instance:Maven_Project.TestAnnotations@4f51b3e0]" name="b_method" duration-ms="0" started-at="2020-10-03T08:44:52 IST" finished-at="2020-10-03T08:44:52 IST">
          <reporter-output>
          </reporter-output>
        </test-method> <!-- b_method -->
        <test-method status="PASS" signature="c_method()[pri:0, instance:Maven_Project.TestAnnotations@4f51b3e0]" name="c_method" duration-ms="8" started-at="2020-10-03T08:44:52 IST" finished-at="2020-10-03T08:44:52 IST">
          <reporter-output>
          </reporter-output>
        </test-method> <!-- c_method -->
        <test-method status="PASS" signature="d_method()[pri:0, instance:Maven_Project.TestAnnotations@4f51b3e0]" name="d_method" duration-ms="8" started-at="2020-10-03T08:44:52 IST" finished-at="2020-10-03T08:44:52 IST">
          <reporter-output>
          </reporter-output>
        </test-method> <!-- d_method -->
        <test-method status="PASS" signature="e_method()[pri:0, instance:Maven_Project.TestAnnotations@4f51b3e0]" name="e_method" duration-ms="16" started-at="2020-10-03T08:44:52 IST" finished-at="2020-10-03T08:44:52 IST">
          <reporter-output>
          </reporter-output>
        </test-method> <!-- e_method -->
      </class> <!-- Maven_Project.TestAnnotations -->
    </test> <!-- Default test -->
  </suite> <!-- Default suite -->
</testng-results>
